\BOOKMARK [1][-]{section.1}{Introduction}{}% 1
\BOOKMARK [2][-]{subsection.1.1}{Project Overview}{section.1}% 2
\BOOKMARK [2][-]{subsection.1.2}{Project Deliverables}{section.1}% 3
\BOOKMARK [2][-]{subsection.1.3}{Evolution of the SPMP}{section.1}% 4
\BOOKMARK [3][-]{subsubsection.1.3.1}{Updating the SPMP}{subsection.1.3}% 5
\BOOKMARK [3][-]{subsubsection.1.3.2}{Document Version}{subsection.1.3}% 6
\BOOKMARK [3][-]{subsubsection.1.3.3}{Tools}{subsection.1.3}% 7
\BOOKMARK [2][-]{subsection.1.4}{Reference Material}{section.1}% 8
\BOOKMARK [3][-]{subsubsection.1.4.1}{IEEE Documents}{subsection.1.4}% 9
\BOOKMARK [3][-]{subsubsection.1.4.2}{Papers}{subsection.1.4}% 10
\BOOKMARK [3][-]{subsubsection.1.4.3}{Books}{subsection.1.4}% 11
\BOOKMARK [2][-]{subsection.1.5}{Definitions and Acronyms}{section.1}% 12
\BOOKMARK [1][-]{section.2}{Project Organization}{}% 13
\BOOKMARK [2][-]{subsection.2.1}{Process Model}{section.2}% 14
\BOOKMARK [2][-]{subsection.2.2}{Organizational Structure}{section.2}% 15
\BOOKMARK [2][-]{subsection.2.3}{Organizational Boundaries and Interfaces}{section.2}% 16
\BOOKMARK [2][-]{subsection.2.4}{Project Responsibilities}{section.2}% 17
\BOOKMARK [1][-]{section.3}{Managerial Processes}{}% 18
\BOOKMARK [2][-]{subsection.3.1}{Management Objectives and Priorities}{section.3}% 19
\BOOKMARK [3][-]{subsubsection.3.1.1}{Philosophy}{subsection.3.1}% 20
\BOOKMARK [3][-]{subsubsection.3.1.2}{Goals}{subsection.3.1}% 21
\BOOKMARK [3][-]{subsubsection.3.1.3}{Priorities}{subsection.3.1}% 22
\BOOKMARK [3][-]{subsubsection.3.1.4}{Project Budget Priorities}{subsection.3.1}% 23
\BOOKMARK [3][-]{subsubsection.3.1.5}{Risk Management Procedures}{subsection.3.1}% 24
\BOOKMARK [3][-]{subsubsection.3.1.6}{Software Acquisition Statement Management}{subsection.3.1}% 25
\BOOKMARK [2][-]{subsection.3.2}{Assumptions, Dependencies and Constraints}{section.3}% 26
\BOOKMARK [3][-]{subsubsection.3.2.1}{Assumptions}{subsection.3.2}% 27
\BOOKMARK [3][-]{subsubsection.3.2.2}{Dependencies}{subsection.3.2}% 28
\BOOKMARK [3][-]{subsubsection.3.2.3}{Constraints}{subsection.3.2}% 29
\BOOKMARK [2][-]{subsection.3.3}{Risk Management}{section.3}% 30
\BOOKMARK [3][-]{subsubsection.3.3.1}{Risk regarding contract}{subsection.3.3}% 31
\BOOKMARK [3][-]{subsubsection.3.3.2}{Risk regarding technology related on the project}{subsection.3.3}% 32
\BOOKMARK [3][-]{subsubsection.3.3.3}{Risk regarding consumer acceptance of the product}{subsection.3.3}% 33
\BOOKMARK [2][-]{subsection.3.4}{Monitoring and Controlling Mechanisms}{section.3}% 34
\BOOKMARK [2][-]{subsection.3.5}{Staffing Plan}{section.3}% 35
\BOOKMARK [1][-]{section.4}{Technical Process}{}% 36
\BOOKMARK [2][-]{subsection.4.1}{Methods, Tools, and Techniques}{section.4}% 37
\BOOKMARK [2][-]{subsection.4.2}{Software Documentation}{section.4}% 38
\BOOKMARK [3][-]{subsubsection.4.2.1}{Software Project Management Plan}{subsection.4.2}% 39
\BOOKMARK [3][-]{subsubsection.4.2.2}{Software Requirements Specification}{subsection.4.2}% 40
\BOOKMARK [3][-]{subsubsection.4.2.3}{Software Test Document}{subsection.4.2}% 41
\BOOKMARK [3][-]{subsubsection.4.2.4}{Software Design Description}{subsection.4.2}% 42
\BOOKMARK [2][-]{subsection.4.3}{Project Support Functions}{section.4}% 43
\BOOKMARK [1][-]{section.5}{Work Packages, Schedule, and Budget}{}% 44
\BOOKMARK [2][-]{subsection.5.1}{Work Packages}{section.5}% 45
\BOOKMARK [2][-]{subsection.5.2}{Dependencies}{section.5}% 46
\BOOKMARK [2][-]{subsection.5.3}{Resource Requirements}{section.5}% 47
\BOOKMARK [2][-]{subsection.5.4}{Budget and Resource Allocation}{section.5}% 48
\BOOKMARK [2][-]{subsection.5.5}{Schedule}{section.5}% 49
